2020-02-05 00:00:36,224 INFO com.example.demo.SareetaApplication [main] Starting SareetaApplication on DESKTOP-HCTONNJ with PID 23812 (started by sagar in C:\WorkSpace\Udacity\FinalSubmission\P04-eCommerce Application\starter_code)
2020-02-05 00:00:36,235 DEBUG com.example.demo.SareetaApplication [main] Running with Spring Boot v2.1.5.RELEASE, Spring v5.1.7.RELEASE
2020-02-05 00:00:36,235 INFO com.example.demo.SareetaApplication [main] No active profile set, falling back to default profiles: default
2020-02-05 00:00:44,818 INFO com.example.demo.SareetaApplication [main] Started SareetaApplication in 9.327 seconds (JVM running for 10.297)
2020-02-05 00:01:01,963 INFO com.example.demo.controllers.CartController [http-nio-8080-exec-1] ### Creating User ###
2020-02-05 00:01:02,439 INFO com.example.demo.controllers.CartController [http-nio-8080-exec-1] User name set with sagar1
2020-02-05 00:01:02,744 INFO com.example.demo.controllers.CartController [http-nio-8080-exec-1] ### Created User ###
2020-02-05 00:01:04,465 INFO com.example.demo.controllers.CartController [http-nio-8080-exec-2] ### Creating User ###
2020-02-05 00:01:04,482 INFO com.example.demo.controllers.CartController [http-nio-8080-exec-2] User name set with sagar1
2020-02-05 00:01:04,620 ERROR org.hibernate.engine.jdbc.spi.SqlExceptionHelper [http-nio-8080-exec-2] Unique index or primary key violation: "PUBLIC.UK_SB8BBOUER5WAK8VYIIY4PF2BX_INDEX_2 ON PUBLIC.USER(USERNAME) VALUES 1"; SQL statement:
insert into user (id, cart_id, password, username) values (null, ?, ?, ?) [23505-199]
2020-02-05 00:01:04,652 INFO com.example.demo.controllers.CartController [http-nio-8080-exec-2] ### Created User ###
2020-02-05 00:01:08,650 INFO com.example.demo.controllers.CartController [http-nio-8080-exec-3] ### Creating User ###
2020-02-05 00:01:08,668 INFO com.example.demo.controllers.CartController [http-nio-8080-exec-3] User name set with sagar1
2020-02-05 00:01:08,811 ERROR org.hibernate.engine.jdbc.spi.SqlExceptionHelper [http-nio-8080-exec-3] Unique index or primary key violation: "PUBLIC.UK_SB8BBOUER5WAK8VYIIY4PF2BX_INDEX_2 ON PUBLIC.USER(USERNAME) VALUES 1"; SQL statement:
insert into user (id, cart_id, password, username) values (null, ?, ?, ?) [23505-199]
2020-02-05 00:01:08,841 INFO com.example.demo.controllers.CartController [http-nio-8080-exec-3] ### Created User ###
2020-02-05 00:01:13,244 INFO com.example.demo.controllers.CartController [http-nio-8080-exec-4] ### Creating User ###
2020-02-05 00:01:13,259 INFO com.example.demo.controllers.CartController [http-nio-8080-exec-4] User name set with sagar1
2020-02-05 00:01:13,396 ERROR org.hibernate.engine.jdbc.spi.SqlExceptionHelper [http-nio-8080-exec-4] Unique index or primary key violation: "PUBLIC.UK_SB8BBOUER5WAK8VYIIY4PF2BX_INDEX_2 ON PUBLIC.USER(USERNAME) VALUES 1"; SQL statement:
insert into user (id, cart_id, password, username) values (null, ?, ?, ?) [23505-199]
2020-02-05 00:01:13,418 INFO com.example.demo.controllers.CartController [http-nio-8080-exec-4] ### Created User ###
2020-02-05 00:01:52,652 INFO com.example.demo.SareetaApplication [main] Starting SareetaApplication on DESKTOP-HCTONNJ with PID 30992 (started by sagar in C:\WorkSpace\Udacity\FinalSubmission\P04-eCommerce Application\starter_code)
2020-02-05 00:01:52,658 DEBUG com.example.demo.SareetaApplication [main] Running with Spring Boot v2.1.5.RELEASE, Spring v5.1.7.RELEASE
2020-02-05 00:01:52,659 INFO com.example.demo.SareetaApplication [main] No active profile set, falling back to default profiles: default
2020-02-05 00:02:00,243 INFO com.example.demo.SareetaApplication [main] Started SareetaApplication in 8.227 seconds (JVM running for 9.106)
2020-02-05 00:02:05,908 INFO com.example.demo.controllers.CartController [http-nio-8080-exec-1] ### Creating User ###
2020-02-05 00:02:06,420 INFO com.example.demo.controllers.CartController [http-nio-8080-exec-1] User name set with sagar1
2020-02-05 00:02:06,719 INFO com.example.demo.controllers.CartController [http-nio-8080-exec-1] ### Created User ###
2020-02-05 00:02:07,890 INFO com.example.demo.controllers.CartController [http-nio-8080-exec-2] ### Creating User ###
2020-02-05 00:02:07,913 INFO com.example.demo.controllers.CartController [http-nio-8080-exec-2] User name set with sagar1
2020-02-05 00:02:08,062 ERROR org.hibernate.engine.jdbc.spi.SqlExceptionHelper [http-nio-8080-exec-2] Unique index or primary key violation: "PUBLIC.UK_SB8BBOUER5WAK8VYIIY4PF2BX_INDEX_2 ON PUBLIC.USER(USERNAME) VALUES 1"; SQL statement:
insert into user (id, cart_id, password, username) values (null, ?, ?, ?) [23505-199]
2020-02-05 00:02:08,109 INFO com.example.demo.controllers.CartController [http-nio-8080-exec-2] ### Created User ###
2020-02-05 00:02:09,558 INFO com.example.demo.controllers.CartController [http-nio-8080-exec-3] ### Creating User ###
2020-02-05 00:02:09,600 INFO com.example.demo.controllers.CartController [http-nio-8080-exec-3] User name set with sagar1
2020-02-05 00:02:09,725 ERROR org.hibernate.engine.jdbc.spi.SqlExceptionHelper [http-nio-8080-exec-3] Unique index or primary key violation: "PUBLIC.UK_SB8BBOUER5WAK8VYIIY4PF2BX_INDEX_2 ON PUBLIC.USER(USERNAME) VALUES 1"; SQL statement:
insert into user (id, cart_id, password, username) values (null, ?, ?, ?) [23505-199]
2020-02-05 00:02:09,755 INFO com.example.demo.controllers.CartController [http-nio-8080-exec-3] ### Created User ###
2020-02-05 00:02:57,680 INFO com.example.demo.SareetaApplication [main] Starting SareetaApplication on DESKTOP-HCTONNJ with PID 16220 (started by sagar in C:\WorkSpace\Udacity\FinalSubmission\P04-eCommerce Application\starter_code)
2020-02-05 00:02:57,683 DEBUG com.example.demo.SareetaApplication [main] Running with Spring Boot v2.1.5.RELEASE, Spring v5.1.7.RELEASE
2020-02-05 00:02:57,684 INFO com.example.demo.SareetaApplication [main] No active profile set, falling back to default profiles: default
2020-02-05 00:03:06,185 INFO com.example.demo.SareetaApplication [main] Started SareetaApplication in 9.177 seconds (JVM running for 10.223)
2020-02-05 00:03:10,138 INFO com.example.demo.controllers.CartController [http-nio-8080-exec-1] ### Creating User ###
2020-02-05 00:03:10,407 INFO com.example.demo.controllers.CartController [http-nio-8080-exec-1] User name set with sagar1
2020-02-05 00:03:10,555 INFO com.example.demo.controllers.CartController [http-nio-8080-exec-1] ### Created User ###
2020-02-05 00:03:12,122 INFO com.example.demo.controllers.CartController [http-nio-8080-exec-2] ### Creating User ###
2020-02-05 00:03:12,144 INFO com.example.demo.controllers.CartController [http-nio-8080-exec-2] User name set with sagar1
2020-02-05 00:03:12,228 ERROR org.hibernate.engine.jdbc.spi.SqlExceptionHelper [http-nio-8080-exec-2] Unique index or primary key violation: "PUBLIC.UK_SB8BBOUER5WAK8VYIIY4PF2BX_INDEX_2 ON PUBLIC.USER(USERNAME) VALUES 1"; SQL statement:
insert into user (id, cart_id, password, username) values (null, ?, ?, ?) [23505-199]
2020-02-05 00:03:12,247 INFO com.example.demo.controllers.CartController [http-nio-8080-exec-2] ### Created User ###
2020-02-05 00:04:28,755 INFO com.example.demo.SareetaApplication [main] Starting SareetaApplication on DESKTOP-HCTONNJ with PID 32440 (started by sagar in C:\WorkSpace\Udacity\FinalSubmission\P04-eCommerce Application\starter_code)
2020-02-05 00:04:28,759 DEBUG com.example.demo.SareetaApplication [main] Running with Spring Boot v2.1.5.RELEASE, Spring v5.1.7.RELEASE
2020-02-05 00:04:28,761 INFO com.example.demo.SareetaApplication [main] No active profile set, falling back to default profiles: default
2020-02-05 00:04:37,039 INFO com.example.demo.SareetaApplication [main] Started SareetaApplication in 8.966 seconds (JVM running for 10.009)
2020-02-05 00:04:38,083 INFO com.example.demo.controllers.CartController [http-nio-8080-exec-1] ### Creating User ###
2020-02-05 00:04:38,376 INFO com.example.demo.controllers.CartController [http-nio-8080-exec-1] User name set with sagar1
2020-02-05 00:04:38,521 INFO com.example.demo.controllers.CartController [http-nio-8080-exec-1] ### Created User ###
2020-02-05 00:04:39,534 INFO com.example.demo.controllers.CartController [http-nio-8080-exec-2] ### Creating User ###
2020-02-05 00:04:39,554 INFO com.example.demo.controllers.CartController [http-nio-8080-exec-2] User name set with sagar1
2020-02-05 00:04:39,633 ERROR org.hibernate.engine.jdbc.spi.SqlExceptionHelper [http-nio-8080-exec-2] Unique index or primary key violation: "PUBLIC.UK_SB8BBOUER5WAK8VYIIY4PF2BX_INDEX_2 ON PUBLIC.USER(USERNAME) VALUES 1"; SQL statement:
insert into user (id, cart_id, password, username) values (null, ?, ?, ?) [23505-199]
2020-02-05 00:04:39,649 INFO com.example.demo.controllers.CartController [http-nio-8080-exec-2] ### Created User ###
2020-02-05 11:00:22,146 INFO com.example.demo.controllers.CartController [http-nio-8080-exec-4] ### Creating User ###
2020-02-05 11:00:22,195 INFO com.example.demo.controllers.CartController [http-nio-8080-exec-4] User name set with sagar1
2020-02-05 11:00:22,266 ERROR org.hibernate.engine.jdbc.spi.SqlExceptionHelper [http-nio-8080-exec-4] Unique index or primary key violation: "PUBLIC.UK_SB8BBOUER5WAK8VYIIY4PF2BX_INDEX_2 ON PUBLIC.USER(USERNAME) VALUES 1"; SQL statement:
insert into user (id, cart_id, password, username) values (null, ?, ?, ?) [23505-199]
2020-02-05 11:00:22,279 INFO com.example.demo.controllers.CartController [http-nio-8080-exec-4] ### Created User ###
2020-02-05 11:00:29,890 INFO com.example.demo.controllers.CartController [http-nio-8080-exec-5] ### Creating User ###
2020-02-05 11:00:29,925 INFO com.example.demo.controllers.CartController [http-nio-8080-exec-5] User name set with sagar11
2020-02-05 11:00:29,992 INFO com.example.demo.controllers.CartController [http-nio-8080-exec-5] ### Created User ###
2020-02-05 11:28:10,456 INFO com.example.demo.SareetaApplication [main] Starting SareetaApplication on DESKTOP-HCTONNJ with PID 20960 (started by sagar in C:\WorkSpace\Udacity\FinalSubmission\P04-eCommerce Application\starter_code)
2020-02-05 11:28:10,463 DEBUG com.example.demo.SareetaApplication [main] Running with Spring Boot v2.1.5.RELEASE, Spring v5.1.7.RELEASE
2020-02-05 11:28:10,464 INFO com.example.demo.SareetaApplication [main] No active profile set, falling back to default profiles: default
2020-02-05 11:28:17,275 INFO com.example.demo.SareetaApplication [main] Started SareetaApplication in 7.364 seconds (JVM running for 8.156)
2020-02-05 11:28:22,559 INFO com.example.demo.controllers.UserController [http-nio-8080-exec-1] ### Creating User ###
2020-02-05 11:28:22,912 INFO com.example.demo.controllers.UserController [http-nio-8080-exec-1] User name set with sagar
2020-02-05 11:28:23,043 INFO com.example.demo.controllers.UserController [http-nio-8080-exec-1] ### Created User ###
2020-02-05 11:28:35,591 INFO com.example.demo.controllers.UserController [http-nio-8080-exec-2] ### Creating User ###
2020-02-05 11:28:35,624 INFO com.example.demo.controllers.UserController [http-nio-8080-exec-2] User name set with sagar
2020-02-05 11:28:35,697 ERROR org.hibernate.engine.jdbc.spi.SqlExceptionHelper [http-nio-8080-exec-2] Unique index or primary key violation: "PUBLIC.UK_SB8BBOUER5WAK8VYIIY4PF2BX_INDEX_2 ON PUBLIC.USER(USERNAME) VALUES 1"; SQL statement:
insert into user (id, cart_id, password, username) values (null, ?, ?, ?) [23505-199]
2020-02-05 11:28:35,706 ERROR org.apache.catalina.core.ContainerBase.[Tomcat].[localhost].[/].[dispatcherServlet] [http-nio-8080-exec-2] Servlet.service() for servlet [dispatcherServlet] in context with path [] threw exception [Request processing failed; nested exception is org.springframework.dao.DataIntegrityViolationException: could not execute statement; SQL [n/a]; constraint ["PUBLIC.UK_SB8BBOUER5WAK8VYIIY4PF2BX_INDEX_2 ON PUBLIC.USER(USERNAME) VALUES 1"; SQL statement:
insert into user (id, cart_id, password, username) values (null, ?, ?, ?) [23505-199]]; nested exception is org.hibernate.exception.ConstraintViolationException: could not execute statement] with root cause
org.h2.jdbc.JdbcSQLIntegrityConstraintViolationException: Unique index or primary key violation: "PUBLIC.UK_SB8BBOUER5WAK8VYIIY4PF2BX_INDEX_2 ON PUBLIC.USER(USERNAME) VALUES 1"; SQL statement:
insert into user (id, cart_id, password, username) values (null, ?, ?, ?) [23505-199]
	at org.h2.message.DbException.getJdbcSQLException(DbException.java:457)
	at org.h2.message.DbException.getJdbcSQLException(DbException.java:427)
	at org.h2.message.DbException.get(DbException.java:205)
	at org.h2.message.DbException.get(DbException.java:181)
	at org.h2.index.BaseIndex.getDuplicateKeyException(BaseIndex.java:103)
	at org.h2.mvstore.db.MVSecondaryIndex.checkUnique(MVSecondaryIndex.java:220)
	at org.h2.mvstore.db.MVSecondaryIndex.add(MVSecondaryIndex.java:196)
	at org.h2.mvstore.db.MVTable.addRow(MVTable.java:546)
	at org.h2.command.dml.Insert.insertRows(Insert.java:180)
	at org.h2.command.dml.Insert.update(Insert.java:132)
	at org.h2.command.CommandContainer.update(CommandContainer.java:133)
	at org.h2.command.Command.executeUpdate(Command.java:267)
	at org.h2.jdbc.JdbcPreparedStatement.executeUpdateInternal(JdbcPreparedStatement.java:200)
	at org.h2.jdbc.JdbcPreparedStatement.executeUpdate(JdbcPreparedStatement.java:154)
	at com.zaxxer.hikari.pool.ProxyPreparedStatement.executeUpdate(ProxyPreparedStatement.java:61)
	at com.zaxxer.hikari.pool.HikariProxyPreparedStatement.executeUpdate(HikariProxyPreparedStatement.java)
	at org.hibernate.engine.jdbc.internal.ResultSetReturnImpl.executeUpdate(ResultSetReturnImpl.java:175)
	at org.hibernate.dialect.identity.GetGeneratedKeysDelegate.executeAndExtract(GetGeneratedKeysDelegate.java:57)
	at org.hibernate.id.insert.AbstractReturningDelegate.performInsert(AbstractReturningDelegate.java:42)
	at org.hibernate.persister.entity.AbstractEntityPersister.insert(AbstractEntityPersister.java:3077)
	at org.hibernate.persister.entity.AbstractEntityPersister.insert(AbstractEntityPersister.java:3667)
	at org.hibernate.action.internal.EntityIdentityInsertAction.execute(EntityIdentityInsertAction.java:81)
	at org.hibernate.engine.spi.ActionQueue.execute(ActionQueue.java:645)
	at org.hibernate.engine.spi.ActionQueue.addResolvedEntityInsertAction(ActionQueue.java:282)
	at org.hibernate.engine.spi.ActionQueue.addInsertAction(ActionQueue.java:263)
	at org.hibernate.engine.spi.ActionQueue.addAction(ActionQueue.java:317)
	at org.hibernate.event.internal.AbstractSaveEventListener.addInsertAction(AbstractSaveEventListener.java:332)
	at org.hibernate.event.internal.AbstractSaveEventListener.performSaveOrReplicate(AbstractSaveEventListener.java:289)
	at org.hibernate.event.internal.AbstractSaveEventListener.performSave(AbstractSaveEventListener.java:196)
	at org.hibernate.event.internal.AbstractSaveEventListener.saveWithGeneratedId(AbstractSaveEventListener.java:127)
	at org.hibernate.event.internal.DefaultPersistEventListener.entityIsTransient(DefaultPersistEventListener.java:192)
	at org.hibernate.event.internal.DefaultPersistEventListener.onPersist(DefaultPersistEventListener.java:135)
	at org.hibernate.event.internal.DefaultPersistEventListener.onPersist(DefaultPersistEventListener.java:62)
	at org.hibernate.internal.SessionImpl.firePersist(SessionImpl.java:800)
	at org.hibernate.internal.SessionImpl.persist(SessionImpl.java:785)
	at java.base/jdk.internal.reflect.NativeMethodAccessorImpl.invoke0(Native Method)
	at java.base/jdk.internal.reflect.NativeMethodAccessorImpl.invoke(NativeMethodAccessorImpl.java:62)
	at java.base/jdk.internal.reflect.DelegatingMethodAccessorImpl.invoke(DelegatingMethodAccessorImpl.java:43)
	at java.base/java.lang.reflect.Method.invoke(Method.java:566)
	at org.springframework.orm.jpa.ExtendedEntityManagerCreator$ExtendedEntityManagerInvocationHandler.invoke(ExtendedEntityManagerCreator.java:350)
	at com.sun.proxy.$Proxy99.persist(Unknown Source)
	at java.base/jdk.internal.reflect.NativeMethodAccessorImpl.invoke0(Native Method)
	at java.base/jdk.internal.reflect.NativeMethodAccessorImpl.invoke(NativeMethodAccessorImpl.java:62)
	at java.base/jdk.internal.reflect.DelegatingMethodAccessorImpl.invoke(DelegatingMethodAccessorImpl.java:43)
	at java.base/java.lang.reflect.Method.invoke(Method.java:566)
	at org.springframework.orm.jpa.SharedEntityManagerCreator$SharedEntityManagerInvocationHandler.invoke(SharedEntityManagerCreator.java:308)
	at com.sun.proxy.$Proxy99.persist(Unknown Source)
	at org.springframework.data.jpa.repository.support.SimpleJpaRepository.save(SimpleJpaRepository.java:496)
	at java.base/jdk.internal.reflect.NativeMethodAccessorImpl.invoke0(Native Method)
	at java.base/jdk.internal.reflect.NativeMethodAccessorImpl.invoke(NativeMethodAccessorImpl.java:62)
	at java.base/jdk.internal.reflect.DelegatingMethodAccessorImpl.invoke(DelegatingMethodAccessorImpl.java:43)
	at java.base/java.lang.reflect.Method.invoke(Method.java:566)
	at org.springframework.data.repository.core.support.RepositoryComposition$RepositoryFragments.invoke(RepositoryComposition.java:359)
	at org.springframework.data.repository.core.support.RepositoryComposition.invoke(RepositoryComposition.java:200)
	at org.springframework.data.repository.core.support.RepositoryFactorySupport$ImplementationMethodExecutionInterceptor.invoke(RepositoryFactorySupport.java:644)
	at org.springframework.aop.framework.ReflectiveMethodInvocation.proceed(ReflectiveMethodInvocation.java:186)
	at org.springframework.data.repository.core.support.RepositoryFactorySupport$QueryExecutorMethodInterceptor.doInvoke(RepositoryFactorySupport.java:608)
	at org.springframework.data.repository.core.support.RepositoryFactorySupport$QueryExecutorMethodInterceptor.lambda$invoke$3(RepositoryFactorySupport.java:595)
	at org.springframework.data.repository.core.support.RepositoryFactorySupport$QueryExecutorMethodInterceptor.invoke(RepositoryFactorySupport.java:595)
	at org.springframework.aop.framework.ReflectiveMethodInvocation.proceed(ReflectiveMethodInvocation.java:186)
	at org.springframework.data.projection.DefaultMethodInvokingMethodInterceptor.invoke(DefaultMethodInvokingMethodInterceptor.java:59)
	at org.springframework.aop.framework.ReflectiveMethodInvocation.proceed(ReflectiveMethodInvocation.java:186)
	at org.springframework.transaction.interceptor.TransactionAspectSupport.invokeWithinTransaction(TransactionAspectSupport.java:295)
	at org.springframework.transaction.interceptor.TransactionInterceptor.invoke(TransactionInterceptor.java:98)
	at org.springframework.aop.framework.ReflectiveMethodInvocation.proceed(ReflectiveMethodInvocation.java:186)
	at org.springframework.dao.support.PersistenceExceptionTranslationInterceptor.invoke(PersistenceExceptionTranslationInterceptor.java:139)
	at org.springframework.aop.framework.ReflectiveMethodInvocation.proceed(ReflectiveMethodInvocation.java:186)
	at org.springframework.data.jpa.repository.support.CrudMethodMetadataPostProcessor$CrudMethodMetadataPopulatingMethodInterceptor.invoke(CrudMethodMetadataPostProcessor.java:138)
	at org.springframework.aop.framework.ReflectiveMethodInvocation.proceed(ReflectiveMethodInvocation.java:186)
	at org.springframework.aop.interceptor.ExposeInvocationInterceptor.invoke(ExposeInvocationInterceptor.java:93)
	at org.springframework.aop.framework.ReflectiveMethodInvocation.proceed(ReflectiveMethodInvocation.java:186)
	at org.springframework.data.repository.core.support.SurroundingTransactionDetectorMethodInterceptor.invoke(SurroundingTransactionDetectorMethodInterceptor.java:61)
	at org.springframework.aop.framework.ReflectiveMethodInvocation.proceed(ReflectiveMethodInvocation.java:186)
	at org.springframework.aop.framework.JdkDynamicAopProxy.invoke(JdkDynamicAopProxy.java:212)
	at com.sun.proxy.$Proxy101.save(Unknown Source)
	at com.example.demo.controllers.UserController.createUser(UserController.java:68)
	at java.base/jdk.internal.reflect.NativeMethodAccessorImpl.invoke0(Native Method)
	at java.base/jdk.internal.reflect.NativeMethodAccessorImpl.invoke(NativeMethodAccessorImpl.java:62)
	at java.base/jdk.internal.reflect.DelegatingMethodAccessorImpl.invoke(DelegatingMethodAccessorImpl.java:43)
	at java.base/java.lang.reflect.Method.invoke(Method.java:566)
	at org.springframework.web.method.support.InvocableHandlerMethod.doInvoke(InvocableHandlerMethod.java:190)
	at org.springframework.web.method.support.InvocableHandlerMethod.invokeForRequest(InvocableHandlerMethod.java:138)
	at org.springframework.web.servlet.mvc.method.annotation.ServletInvocableHandlerMethod.invokeAndHandle(ServletInvocableHandlerMethod.java:104)
	at org.springframework.web.servlet.mvc.method.annotation.RequestMappingHandlerAdapter.invokeHandlerMethod(RequestMappingHandlerAdapter.java:892)
	at org.springframework.web.servlet.mvc.method.annotation.RequestMappingHandlerAdapter.handleInternal(RequestMappingHandlerAdapter.java:797)
	at org.springframework.web.servlet.mvc.method.AbstractHandlerMethodAdapter.handle(AbstractHandlerMethodAdapter.java:87)
	at org.springframework.web.servlet.DispatcherServlet.doDispatch(DispatcherServlet.java:1039)
	at org.springframework.web.servlet.DispatcherServlet.doService(DispatcherServlet.java:942)
	at org.springframework.web.servlet.FrameworkServlet.processRequest(FrameworkServlet.java:1005)
	at org.springframework.web.servlet.FrameworkServlet.doPost(FrameworkServlet.java:908)
	at javax.servlet.http.HttpServlet.service(HttpServlet.java:660)
	at org.springframework.web.servlet.FrameworkServlet.service(FrameworkServlet.java:882)
	at javax.servlet.http.HttpServlet.service(HttpServlet.java:741)
	at org.apache.catalina.core.ApplicationFilterChain.internalDoFilter(ApplicationFilterChain.java:231)
	at org.apache.catalina.core.ApplicationFilterChain.doFilter(ApplicationFilterChain.java:166)
	at org.apache.tomcat.websocket.server.WsFilter.doFilter(WsFilter.java:53)
	at org.apache.catalina.core.ApplicationFilterChain.internalDoFilter(ApplicationFilterChain.java:193)
	at org.apache.catalina.core.ApplicationFilterChain.doFilter(ApplicationFilterChain.java:166)
	at org.springframework.security.web.FilterChainProxy$VirtualFilterChain.doFilter(FilterChainProxy.java:320)
	at org.springframework.security.web.access.intercept.FilterSecurityInterceptor.invoke(FilterSecurityInterceptor.java:127)
	at org.springframework.security.web.access.intercept.FilterSecurityInterceptor.doFilter(FilterSecurityInterceptor.java:91)
	at org.springframework.security.web.FilterChainProxy$VirtualFilterChain.doFilter(FilterChainProxy.java:334)
	at org.springframework.security.web.access.ExceptionTranslationFilter.doFilter(ExceptionTranslationFilter.java:119)
	at org.springframework.security.web.FilterChainProxy$VirtualFilterChain.doFilter(FilterChainProxy.java:334)
	at org.springframework.security.web.session.SessionManagementFilter.doFilter(SessionManagementFilter.java:137)
	at org.springframework.security.web.FilterChainProxy$VirtualFilterChain.doFilter(FilterChainProxy.java:334)
	at org.springframework.security.web.authentication.AnonymousAuthenticationFilter.doFilter(AnonymousAuthenticationFilter.java:111)
	at org.springframework.security.web.FilterChainProxy$VirtualFilterChain.doFilter(FilterChainProxy.java:334)
	at org.springframework.security.web.servletapi.SecurityContextHolderAwareRequestFilter.doFilter(SecurityContextHolderAwareRequestFilter.java:170)
	at org.springframework.security.web.FilterChainProxy$VirtualFilterChain.doFilter(FilterChainProxy.java:334)
	at org.springframework.security.web.savedrequest.RequestCacheAwareFilter.doFilter(RequestCacheAwareFilter.java:63)
	at org.springframework.security.web.FilterChainProxy$VirtualFilterChain.doFilter(FilterChainProxy.java:334)
	at com.example.demo.security.JWTAuthorizationFilter.doFilterInternal(JWTAuthorizationFilter.java:33)
	at org.springframework.web.filter.OncePerRequestFilter.doFilter(OncePerRequestFilter.java:107)
	at org.springframework.security.web.FilterChainProxy$VirtualFilterChain.doFilter(FilterChainProxy.java:334)
	at org.springframework.security.web.authentication.AbstractAuthenticationProcessingFilter.doFilter(AbstractAuthenticationProcessingFilter.java:200)
	at org.springframework.security.web.FilterChainProxy$VirtualFilterChain.doFilter(FilterChainProxy.java:334)
	at org.springframework.security.web.authentication.logout.LogoutFilter.doFilter(LogoutFilter.java:116)
	at org.springframework.security.web.FilterChainProxy$VirtualFilterChain.doFilter(FilterChainProxy.java:334)
	at org.springframework.web.filter.CorsFilter.doFilterInternal(CorsFilter.java:96)
	at org.springframework.web.filter.OncePerRequestFilter.doFilter(OncePerRequestFilter.java:107)
	at org.springframework.security.web.FilterChainProxy$VirtualFilterChain.doFilter(FilterChainProxy.java:334)
	at org.springframework.security.web.header.HeaderWriterFilter.doFilterInternal(HeaderWriterFilter.java:74)
	at org.springframework.web.filter.OncePerRequestFilter.doFilter(OncePerRequestFilter.java:107)
	at org.springframework.security.web.FilterChainProxy$VirtualFilterChain.doFilter(FilterChainProxy.java:334)
	at org.springframework.security.web.context.SecurityContextPersistenceFilter.doFilter(SecurityContextPersistenceFilter.java:105)
	at org.springframework.security.web.FilterChainProxy$VirtualFilterChain.doFilter(FilterChainProxy.java:334)
	at org.springframework.security.web.context.request.async.WebAsyncManagerIntegrationFilter.doFilterInternal(WebAsyncManagerIntegrationFilter.java:56)
	at org.springframework.web.filter.OncePerRequestFilter.doFilter(OncePerRequestFilter.java:107)
	at org.springframework.security.web.FilterChainProxy$VirtualFilterChain.doFilter(FilterChainProxy.java:334)
	at org.springframework.security.web.FilterChainProxy.doFilterInternal(FilterChainProxy.java:215)
	at org.springframework.security.web.FilterChainProxy.doFilter(FilterChainProxy.java:178)
	at org.springframework.web.filter.DelegatingFilterProxy.invokeDelegate(DelegatingFilterProxy.java:357)
	at org.springframework.web.filter.DelegatingFilterProxy.doFilter(DelegatingFilterProxy.java:270)
	at org.apache.catalina.core.ApplicationFilterChain.internalDoFilter(ApplicationFilterChain.java:193)
	at org.apache.catalina.core.ApplicationFilterChain.doFilter(ApplicationFilterChain.java:166)
	at org.springframework.web.filter.RequestContextFilter.doFilterInternal(RequestContextFilter.java:99)
	at org.springframework.web.filter.OncePerRequestFilter.doFilter(OncePerRequestFilter.java:107)
	at org.apache.catalina.core.ApplicationFilterChain.internalDoFilter(ApplicationFilterChain.java:193)
	at org.apache.catalina.core.ApplicationFilterChain.doFilter(ApplicationFilterChain.java:166)
	at org.springframework.web.filter.FormContentFilter.doFilterInternal(FormContentFilter.java:92)
	at org.springframework.web.filter.OncePerRequestFilter.doFilter(OncePerRequestFilter.java:107)
	at org.apache.catalina.core.ApplicationFilterChain.internalDoFilter(ApplicationFilterChain.java:193)
	at org.apache.catalina.core.ApplicationFilterChain.doFilter(ApplicationFilterChain.java:166)
	at org.springframework.web.filter.HiddenHttpMethodFilter.doFilterInternal(HiddenHttpMethodFilter.java:93)
	at org.springframework.web.filter.OncePerRequestFilter.doFilter(OncePerRequestFilter.java:107)
	at org.apache.catalina.core.ApplicationFilterChain.internalDoFilter(ApplicationFilterChain.java:193)
	at org.apache.catalina.core.ApplicationFilterChain.doFilter(ApplicationFilterChain.java:166)
	at org.springframework.web.filter.CharacterEncodingFilter.doFilterInternal(CharacterEncodingFilter.java:200)
	at org.springframework.web.filter.OncePerRequestFilter.doFilter(OncePerRequestFilter.java:107)
	at org.apache.catalina.core.ApplicationFilterChain.internalDoFilter(ApplicationFilterChain.java:193)
	at org.apache.catalina.core.ApplicationFilterChain.doFilter(ApplicationFilterChain.java:166)
	at org.apache.catalina.core.StandardWrapperValve.invoke(StandardWrapperValve.java:200)
	at org.apache.catalina.core.StandardContextValve.invoke(StandardContextValve.java:96)
	at org.apache.catalina.authenticator.AuthenticatorBase.invoke(AuthenticatorBase.java:490)
	at org.apache.catalina.core.StandardHostValve.invoke(StandardHostValve.java:139)
	at org.apache.catalina.valves.ErrorReportValve.invoke(ErrorReportValve.java:92)
	at org.apache.catalina.core.StandardEngineValve.invoke(StandardEngineValve.java:74)
	at org.apache.catalina.connector.CoyoteAdapter.service(CoyoteAdapter.java:343)
	at org.apache.coyote.http11.Http11Processor.service(Http11Processor.java:408)
	at org.apache.coyote.AbstractProcessorLight.process(AbstractProcessorLight.java:66)
	at org.apache.coyote.AbstractProtocol$ConnectionHandler.process(AbstractProtocol.java:836)
	at org.apache.tomcat.util.net.NioEndpoint$SocketProcessor.doRun(NioEndpoint.java:1747)
	at org.apache.tomcat.util.net.SocketProcessorBase.run(SocketProcessorBase.java:49)
	at java.base/java.util.concurrent.ThreadPoolExecutor.runWorker(ThreadPoolExecutor.java:1128)
	at java.base/java.util.concurrent.ThreadPoolExecutor$Worker.run(ThreadPoolExecutor.java:628)
	at org.apache.tomcat.util.threads.TaskThread$WrappingRunnable.run(TaskThread.java:61)
	at java.base/java.lang.Thread.run(Thread.java:834)
2020-02-05 11:28:44,982 INFO com.example.demo.controllers.UserController [http-nio-8080-exec-3] ### Creating User ###
2020-02-05 11:28:45,019 INFO com.example.demo.controllers.UserController [http-nio-8080-exec-3] User name set with sagar1
2020-02-05 11:28:45,022 WARN com.example.demo.controllers.UserController [http-nio-8080-exec-3] Error with user password. Cannot create user sagar1
2020-02-05 11:28:57,669 INFO com.example.demo.controllers.UserController [http-nio-8080-exec-4] ### Creating User ###
2020-02-05 11:28:57,701 INFO com.example.demo.controllers.UserController [http-nio-8080-exec-4] User name set with sagar1
2020-02-05 11:28:57,706 WARN com.example.demo.controllers.UserController [http-nio-8080-exec-4] Error with user password. Cannot create user sagar1
2020-02-05 11:29:05,555 INFO com.example.demo.controllers.UserController [http-nio-8080-exec-5] ### Creating User ###
2020-02-05 11:29:05,578 INFO com.example.demo.controllers.UserController [http-nio-8080-exec-5] User name set with sagary
2020-02-05 11:29:05,581 WARN com.example.demo.controllers.UserController [http-nio-8080-exec-5] Error with user password. Cannot create user sagary
2020-02-05 11:29:13,023 INFO com.example.demo.controllers.UserController [http-nio-8080-exec-6] ### Creating User ###
2020-02-05 11:29:13,049 INFO com.example.demo.controllers.UserController [http-nio-8080-exec-6] User name set with sagar1
2020-02-05 11:29:13,114 INFO com.example.demo.controllers.UserController [http-nio-8080-exec-6] ### Created User ###
2020-02-05 11:29:26,673 DEBUG com.example.demo.security.JWTAuthenticationFilter [http-nio-8080-exec-7] Request is to process authentication
2020-02-05 11:29:27,005 DEBUG com.example.demo.security.JWTAuthenticationFilter [http-nio-8080-exec-7] Authentication request failed: org.springframework.security.authentication.BadCredentialsException: Bad credentials
org.springframework.security.authentication.BadCredentialsException: Bad credentials
	at org.springframework.security.authentication.dao.DaoAuthenticationProvider.additionalAuthenticationChecks(DaoAuthenticationProvider.java:93)
	at org.springframework.security.authentication.dao.AbstractUserDetailsAuthenticationProvider.authenticate(AbstractUserDetailsAuthenticationProvider.java:166)
	at org.springframework.security.authentication.ProviderManager.authenticate(ProviderManager.java:175)
	at com.example.demo.security.JWTAuthenticationFilter.attemptAuthentication(JWTAuthenticationFilter.java:41)
	at org.springframework.security.web.authentication.AbstractAuthenticationProcessingFilter.doFilter(AbstractAuthenticationProcessingFilter.java:212)
	at org.springframework.security.web.FilterChainProxy$VirtualFilterChain.doFilter(FilterChainProxy.java:334)
	at org.springframework.security.web.authentication.logout.LogoutFilter.doFilter(LogoutFilter.java:116)
	at org.springframework.security.web.FilterChainProxy$VirtualFilterChain.doFilter(FilterChainProxy.java:334)
	at org.springframework.web.filter.CorsFilter.doFilterInternal(CorsFilter.java:96)
	at org.springframework.web.filter.OncePerRequestFilter.doFilter(OncePerRequestFilter.java:107)
	at org.springframework.security.web.FilterChainProxy$VirtualFilterChain.doFilter(FilterChainProxy.java:334)
	at org.springframework.security.web.header.HeaderWriterFilter.doFilterInternal(HeaderWriterFilter.java:74)
	at org.springframework.web.filter.OncePerRequestFilter.doFilter(OncePerRequestFilter.java:107)
	at org.springframework.security.web.FilterChainProxy$VirtualFilterChain.doFilter(FilterChainProxy.java:334)
	at org.springframework.security.web.context.SecurityContextPersistenceFilter.doFilter(SecurityContextPersistenceFilter.java:105)
	at org.springframework.security.web.FilterChainProxy$VirtualFilterChain.doFilter(FilterChainProxy.java:334)
	at org.springframework.security.web.context.request.async.WebAsyncManagerIntegrationFilter.doFilterInternal(WebAsyncManagerIntegrationFilter.java:56)
	at org.springframework.web.filter.OncePerRequestFilter.doFilter(OncePerRequestFilter.java:107)
	at org.springframework.security.web.FilterChainProxy$VirtualFilterChain.doFilter(FilterChainProxy.java:334)
	at org.springframework.security.web.FilterChainProxy.doFilterInternal(FilterChainProxy.java:215)
	at org.springframework.security.web.FilterChainProxy.doFilter(FilterChainProxy.java:178)
	at org.springframework.web.filter.DelegatingFilterProxy.invokeDelegate(DelegatingFilterProxy.java:357)
	at org.springframework.web.filter.DelegatingFilterProxy.doFilter(DelegatingFilterProxy.java:270)
	at org.apache.catalina.core.ApplicationFilterChain.internalDoFilter(ApplicationFilterChain.java:193)
	at org.apache.catalina.core.ApplicationFilterChain.doFilter(ApplicationFilterChain.java:166)
	at org.springframework.web.filter.RequestContextFilter.doFilterInternal(RequestContextFilter.java:99)
	at org.springframework.web.filter.OncePerRequestFilter.doFilter(OncePerRequestFilter.java:107)
	at org.apache.catalina.core.ApplicationFilterChain.internalDoFilter(ApplicationFilterChain.java:193)
	at org.apache.catalina.core.ApplicationFilterChain.doFilter(ApplicationFilterChain.java:166)
	at org.springframework.web.filter.FormContentFilter.doFilterInternal(FormContentFilter.java:92)
	at org.springframework.web.filter.OncePerRequestFilter.doFilter(OncePerRequestFilter.java:107)
	at org.apache.catalina.core.ApplicationFilterChain.internalDoFilter(ApplicationFilterChain.java:193)
	at org.apache.catalina.core.ApplicationFilterChain.doFilter(ApplicationFilterChain.java:166)
	at org.springframework.web.filter.HiddenHttpMethodFilter.doFilterInternal(HiddenHttpMethodFilter.java:93)
	at org.springframework.web.filter.OncePerRequestFilter.doFilter(OncePerRequestFilter.java:107)
	at org.apache.catalina.core.ApplicationFilterChain.internalDoFilter(ApplicationFilterChain.java:193)
	at org.apache.catalina.core.ApplicationFilterChain.doFilter(ApplicationFilterChain.java:166)
	at org.springframework.web.filter.CharacterEncodingFilter.doFilterInternal(CharacterEncodingFilter.java:200)
	at org.springframework.web.filter.OncePerRequestFilter.doFilter(OncePerRequestFilter.java:107)
	at org.apache.catalina.core.ApplicationFilterChain.internalDoFilter(ApplicationFilterChain.java:193)
	at org.apache.catalina.core.ApplicationFilterChain.doFilter(ApplicationFilterChain.java:166)
	at org.apache.catalina.core.StandardWrapperValve.invoke(StandardWrapperValve.java:200)
	at org.apache.catalina.core.StandardContextValve.invoke(StandardContextValve.java:96)
	at org.apache.catalina.authenticator.AuthenticatorBase.invoke(AuthenticatorBase.java:490)
	at org.apache.catalina.core.StandardHostValve.invoke(StandardHostValve.java:139)
	at org.apache.catalina.valves.ErrorReportValve.invoke(ErrorReportValve.java:92)
	at org.apache.catalina.core.StandardEngineValve.invoke(StandardEngineValve.java:74)
	at org.apache.catalina.connector.CoyoteAdapter.service(CoyoteAdapter.java:343)
	at org.apache.coyote.http11.Http11Processor.service(Http11Processor.java:408)
	at org.apache.coyote.AbstractProcessorLight.process(AbstractProcessorLight.java:66)
	at org.apache.coyote.AbstractProtocol$ConnectionHandler.process(AbstractProtocol.java:836)
	at org.apache.tomcat.util.net.NioEndpoint$SocketProcessor.doRun(NioEndpoint.java:1747)
	at org.apache.tomcat.util.net.SocketProcessorBase.run(SocketProcessorBase.java:49)
	at java.base/java.util.concurrent.ThreadPoolExecutor.runWorker(ThreadPoolExecutor.java:1128)
	at java.base/java.util.concurrent.ThreadPoolExecutor$Worker.run(ThreadPoolExecutor.java:628)
	at org.apache.tomcat.util.threads.TaskThread$WrappingRunnable.run(TaskThread.java:61)
	at java.base/java.lang.Thread.run(Thread.java:834)
2020-02-05 11:29:27,005 DEBUG com.example.demo.security.JWTAuthenticationFilter [http-nio-8080-exec-7] Updated SecurityContextHolder to contain null Authentication
2020-02-05 11:29:27,005 DEBUG com.example.demo.security.JWTAuthenticationFilter [http-nio-8080-exec-7] Delegating to authentication failure handler org.springframework.security.web.authentication.SimpleUrlAuthenticationFailureHandler@77e2529f
2020-02-05 11:29:33,451 DEBUG com.example.demo.security.JWTAuthenticationFilter [http-nio-8080-exec-8] Request is to process authentication
2020-02-05 11:30:01,547 INFO com.example.demo.controllers.CartController [http-nio-8080-exec-9] ### Item Added to cart ###
2020-02-05 11:30:08,450 ERROR com.example.demo.controllers.CartController [http-nio-8080-exec-10] ### Item Not present with given Id ###
2020-02-05 11:30:11,060 ERROR com.example.demo.controllers.CartController [http-nio-8080-exec-1] ### Item Not present with given Id ###
2020-02-05 11:30:15,385 INFO com.example.demo.controllers.CartController [http-nio-8080-exec-2] ### Item Added to cart ###
2020-02-05 11:30:16,606 INFO com.example.demo.controllers.CartController [http-nio-8080-exec-3] ### Item Added to cart ###
2020-02-05 11:30:33,716 INFO com.example.demo.controllers.UserController [http-nio-8080-exec-4] ### Creating User ###
2020-02-05 11:30:33,738 INFO com.example.demo.controllers.UserController [http-nio-8080-exec-4] User name set with sagar2
2020-02-05 11:30:33,810 INFO com.example.demo.controllers.UserController [http-nio-8080-exec-4] ### Created User ###
2020-02-05 11:30:41,080 INFO com.example.demo.controllers.UserController [http-nio-8080-exec-5] ### Creating User ###
2020-02-05 11:30:41,103 INFO com.example.demo.controllers.UserController [http-nio-8080-exec-5] User name set with john
2020-02-05 11:30:41,166 INFO com.example.demo.controllers.UserController [http-nio-8080-exec-5] ### Created User ###
2020-02-05 11:30:45,207 INFO com.example.demo.controllers.UserController [http-nio-8080-exec-6] ### Creating User ###
2020-02-05 11:30:45,224 INFO com.example.demo.controllers.UserController [http-nio-8080-exec-6] User name set with jim
2020-02-05 11:30:45,305 INFO com.example.demo.controllers.UserController [http-nio-8080-exec-6] ### Created User ###
2020-02-05 11:32:06,297 INFO com.example.demo.controllers.UserController [http-nio-8080-exec-8] ### Creating User ###
2020-02-05 11:32:06,325 INFO com.example.demo.controllers.UserController [http-nio-8080-exec-8] User name set with jimson
2020-02-05 11:32:06,329 WARN com.example.demo.controllers.UserController [http-nio-8080-exec-8] Error with user password. Cannot create user jimson
2020-02-05 11:32:26,181 INFO com.example.demo.controllers.UserController [http-nio-8080-exec-9] ### Creating User ###
2020-02-05 11:32:26,201 INFO com.example.demo.controllers.UserController [http-nio-8080-exec-9] User name set with jimson
2020-02-05 11:32:26,204 WARN com.example.demo.controllers.UserController [http-nio-8080-exec-9] Error with user password. Cannot create user jimson
2020-02-05 11:33:04,736 INFO com.example.demo.SareetaApplication [main] Starting SareetaApplication on DESKTOP-HCTONNJ with PID 22976 (started by sagar in C:\WorkSpace\Udacity\FinalSubmission\P04-eCommerce Application\starter_code)
2020-02-05 11:33:04,738 DEBUG com.example.demo.SareetaApplication [main] Running with Spring Boot v2.1.5.RELEASE, Spring v5.1.7.RELEASE
2020-02-05 11:33:04,739 INFO com.example.demo.SareetaApplication [main] No active profile set, falling back to default profiles: default
2020-02-05 11:33:11,260 INFO com.example.demo.SareetaApplication [main] Started SareetaApplication in 7.037 seconds (JVM running for 7.798)
2020-02-05 11:33:26,827 INFO com.example.demo.controllers.UserController [http-nio-8080-exec-1] ### Creating User ###
2020-02-05 11:33:27,072 INFO com.example.demo.controllers.UserController [http-nio-8080-exec-1] User name set with sagar
2020-02-05 11:33:27,196 INFO com.example.demo.controllers.UserController [http-nio-8080-exec-1] ### Created User ###
2020-02-05 11:33:35,214 DEBUG com.example.demo.security.JWTAuthenticationFilter [http-nio-8080-exec-2] Request is to process authentication
2020-02-05 11:33:57,172 INFO com.example.demo.controllers.CartController [http-nio-8080-exec-3] ### Item Added to cart ###
2020-02-05 11:34:04,530 INFO com.example.demo.controllers.OrderController [http-nio-8080-exec-4] ### Order Created Successfully###
2020-02-05 11:34:08,312 INFO com.example.demo.controllers.OrderController [http-nio-8080-exec-5] ### Order Created Successfully###
2020-02-05 11:34:12,252 WARN com.example.demo.controllers.OrderController [http-nio-8080-exec-6] Order Creation Failed
